<?xml version="1.0" encoding="UTF-8"?>
<!-- Generated by org.testng.reporters.JUnitReportReporter -->
<testsuite hostname="DESKTOP-LQT9G9K" failures="0" tests="1" name="com.ipl.rcbteam.testcases.RCBTeamValidationTest" time="0.012" errors="0" timestamp="11 Jan 2023 18:00:28 GMT" skipped="0">
  <testcase classname="com.ipl.rcbteam.testcases.RCBTeamValidationTest" name="validateForeignPlayer" time="0.012"/>
</testsuite> <!-- com.ipl.rcbteam.testcases.RCBTeamValidationTest -->
