<?xml version="1.0" encoding="UTF-8"?>
<!-- Generated by org.testng.reporters.JUnitReportReporter -->
<testsuite hostname="DESKTOP-LQT9G9K" failures="0" tests="2" name="com.ipl.rcbteam.testcases.RCBTeamValidationTest" time="0.011" errors="0" timestamp="11 Jan 2023 18:48:45 GMT" skipped="0">
  <testcase classname="com.ipl.rcbteam.testcases.RCBTeamValidationTest" name="validateForeignPlayer" time="0.009"/>
  <testcase classname="com.ipl.rcbteam.testcases.RCBTeamValidationTest" name="validateWicketKeeper" time="0.002"/>
</testsuite> <!-- com.ipl.rcbteam.testcases.RCBTeamValidationTest -->
